<?xml version="1.0" encoding="UTF-8"?>
<!-- Generated by org.testng.reporters.JUnitXMLReporter -->
<testsuite hostname="DESKTOP-7I4KL4I" ignored="0" name="Surefire test" tests="2" failures="1" timestamp="28 Nov 2021 11:48:05 GMT" time="17.273" errors="0">
  <testcase name="verifyErrorMessageWithInvalidCredentials" time="2.554" classname="com.nopcommerce.demo.testsuite.LoginPageTest">
    <failure type="java.lang.AssertionError" message="login not display expected [Login was unsuccessful. Please correct the errors and try again.
No customer account found] but found [Login was unsuccessful. Please correct the errors and try again.No customer account found]">
      <![CDATA[java.lang.AssertionError: login not display expected [Login was unsuccessful. Please correct the errors and try again.
No customer account found] but found [Login was unsuccessful. Please correct the errors and try again.No customer account found]
at com.nopcommerce.demo.testsuite.LoginPageTest.verifyErrorMessageWithInvalidCredentials(LoginPageTest.java:35)
... Removed 35 stack frames]]>
    </failure>
  </testcase> <!-- verifyErrorMessageWithInvalidCredentials -->
  <testcase name="verifyUserShouldNavigateToLoginPageSuccessFully" time="1.175" classname="com.nopcommerce.demo.testsuite.LoginPageTest"/>
</testsuite> <!-- Surefire test -->
